<?xml version="1.0" encoding="UTF-8"?>
<!-- Generated by org.testng.reporters.JUnitXMLReporter -->
<testsuite hostname="Ravikumar-PC" ignored="8" name="extent-report" tests="4" failures="1" timestamp="27 Apr 2018 06:58:39 GMT" time="19.966" errors="0">
  <testcase name="CustomTable" time="0.031" classname="Tests.CustomTable"/>
  <testcase name="FirstTC" time="0.002" classname="Tests.FirstTC"/>
  <testcase name="Screenshot" time="19.891" classname="Tests.Screenshot"/>
  <testcase name="ThirdTC" time="0.004" classname="Tests.ThirdTC">
    <failure type="java.lang.AssertionError" message="Failing the third tc">
      <![CDATA[java.lang.AssertionError: Failing the third tc
at Tests.ThirdTC.ThirdTC(ThirdTC.java:12)
... Removed 26 stack frames]]>
    </failure>
  </testcase> <!-- ThirdTC -->
  <testcase name="@AfterSuite tearDown" time="0.0" classname="Tests.BaseTest">
    <ignored/>
  </testcase> <!-- @AfterSuite tearDown -->
  <testcase name="@AfterSuite tearDown" time="0.0" classname="Tests.BaseTest">
    <ignored/>
  </testcase> <!-- @AfterSuite tearDown -->
  <testcase name="@AfterSuite tearDown" time="0.0" classname="Tests.BaseTest">
    <ignored/>
  </testcase> <!-- @AfterSuite tearDown -->
  <testcase name="@AfterSuite tearDown" time="0.0" classname="Tests.BaseTest">
    <ignored/>
  </testcase> <!-- @AfterSuite tearDown -->
  <testcase name="@BeforeSuite setUp" time="0.0" classname="Tests.BaseTest">
    <ignored/>
  </testcase> <!-- @BeforeSuite setUp -->
  <testcase name="@BeforeSuite setUp" time="0.0" classname="Tests.BaseTest">
    <ignored/>
  </testcase> <!-- @BeforeSuite setUp -->
  <testcase name="@BeforeSuite setUp" time="0.0" classname="Tests.BaseTest">
    <ignored/>
  </testcase> <!-- @BeforeSuite setUp -->
  <testcase name="@BeforeSuite setUp" time="0.0" classname="Tests.BaseTest">
    <ignored/>
  </testcase> <!-- @BeforeSuite setUp -->
</testsuite> <!-- extent-report -->
