<?xml version="1.0" encoding="UTF-8"?>
<!-- Generated by org.testng.reporters.JUnitXMLReporter -->
<testsuite hostname="Ravikumar-PC" name="testng2" tests="6" failures="1" timestamp="9 Sep 2017 15:51:21 GMT" time="0.141" errors="0">
  <testcase name="facebook" time="0.04" classname="Tests.Testcase1"/>
  <testcase name="gmail" time="0.01" classname="Tests.Testcase1">
    <failure type="java.lang.AssertionError" message="expected [Gmail1] but found [g]">
      <![CDATA[java.lang.AssertionError: expected [Gmail1] but found [g]
	at Tests.Testcase1.gmail(Testcase1.java:37)
... Removed 31 stack frames]]>
    </failure>
  </testcase> <!-- gmail -->
  <testcase name="google" time="0.006" classname="Tests.Testcase1"/>
  <testcase name="walmart" time="0.003" classname="Tests.Testcase1">
    <skipped/>
  </testcase> <!-- walmart -->
  <testcase name="carwale" time="0.005" classname="Tests.Testcase2"/>
  <testcase name="quicker" time="0.004" classname="Tests.Testcase2"/>
</testsuite> <!-- testng2 -->
