<?xml version="1.0" encoding="UTF-8"?>
<testng-results skipped="0" failed="1" ignored="8" total="12" passed="3">
  <reporter-output>
  </reporter-output>
  <suite name="Suite" duration-ms="19966" started-at="2018-04-27T06:58:19Z" finished-at="2018-04-27T06:58:39Z">
    <groups>
    </groups>
    <test name="extent-report" duration-ms="19966" started-at="2018-04-27T06:58:19Z" finished-at="2018-04-27T06:58:39Z">
      <class name="Tests.Screenshot">
        <test-method status="PASS" signature="Screenshot()[pri:0, instance:Tests.Screenshot@4d3167f4]" name="Screenshot" duration-ms="19891" started-at="2018-04-27T06:58:19Z" finished-at="2018-04-27T06:58:39Z">
          <reporter-output>
          </reporter-output>
        </test-method> <!-- Screenshot -->
        <test-method status="PASS" signature="getResult(org.testng.ITestResult)[pri:0, instance:Tests.Screenshot@4d3167f4]" name="getResult" is-config="true" duration-ms="1" started-at="2018-04-27T06:58:39Z" finished-at="2018-04-27T06:58:39Z">
          <params>
            <param index="0">
              <value>
                <![CDATA[[TestResult name=Screenshot status=SUCCESS method=Screenshot.Screenshot()[pri:0, instance:Tests.Screenshot@4d3167f4] output={null}]]]>
              </value>
            </param>
          </params>
          <reporter-output>
          </reporter-output>
        </test-method> <!-- getResult -->
      </class> <!-- Tests.Screenshot -->
      <class name="Tests.CustomTable">
        <test-method status="PASS" signature="CustomTable()[pri:0, instance:Tests.CustomTable@3aeaafa6]" name="CustomTable" duration-ms="31" started-at="2018-04-27T06:58:19Z" finished-at="2018-04-27T06:58:19Z">
          <reporter-output>
          </reporter-output>
        </test-method> <!-- CustomTable -->
        <test-method status="PASS" signature="getResult(org.testng.ITestResult)[pri:0, instance:Tests.CustomTable@3aeaafa6]" name="getResult" is-config="true" duration-ms="3" started-at="2018-04-27T06:58:19Z" finished-at="2018-04-27T06:58:19Z">
          <params>
            <param index="0">
              <value>
                <![CDATA[[TestResult name=CustomTable status=SUCCESS method=CustomTable.CustomTable()[pri:0, instance:Tests.CustomTable@3aeaafa6] output={null}]]]>
              </value>
            </param>
          </params>
          <reporter-output>
          </reporter-output>
        </test-method> <!-- getResult -->
      </class> <!-- Tests.CustomTable -->
      <class name="Tests.ThirdTC">
        <test-method status="FAIL" signature="ThirdTC()[pri:0, instance:Tests.ThirdTC@ed9d034]" name="ThirdTC" duration-ms="4" started-at="2018-04-27T06:58:39Z" finished-at="2018-04-27T06:58:39Z">
          <exception class="java.lang.AssertionError">
            <message>
              <![CDATA[Failing the third tc]]>
            </message>
            <full-stacktrace>
              <![CDATA[java.lang.AssertionError: Failing the third tc
at org.testng.Assert.fail(Assert.java:96)
at Tests.ThirdTC.ThirdTC(ThirdTC.java:12)
at sun.reflect.NativeMethodAccessorImpl.invoke0(Native Method)
at sun.reflect.NativeMethodAccessorImpl.invoke(NativeMethodAccessorImpl.java:62)
at sun.reflect.DelegatingMethodAccessorImpl.invoke(DelegatingMethodAccessorImpl.java:43)
at java.lang.reflect.Method.invoke(Method.java:498)
at org.testng.internal.MethodInvocationHelper.invokeMethod(MethodInvocationHelper.java:124)
at org.testng.internal.Invoker.invokeMethod(Invoker.java:583)
at org.testng.internal.Invoker.invokeTestMethod(Invoker.java:719)
at org.testng.internal.Invoker.invokeTestMethods(Invoker.java:989)
at org.testng.internal.TestMethodWorker.invokeTestMethods(TestMethodWorker.java:125)
at org.testng.internal.TestMethodWorker.run(TestMethodWorker.java:109)
at org.testng.TestRunner.privateRun(TestRunner.java:648)
at org.testng.TestRunner.run(TestRunner.java:505)
at org.testng.SuiteRunner.runTest(SuiteRunner.java:455)
at org.testng.SuiteRunner.runSequentially(SuiteRunner.java:450)
at org.testng.SuiteRunner.privateRun(SuiteRunner.java:415)
at org.testng.SuiteRunner.run(SuiteRunner.java:364)
at org.testng.SuiteRunnerWorker.runSuite(SuiteRunnerWorker.java:52)
at org.testng.SuiteRunnerWorker.run(SuiteRunnerWorker.java:84)
at org.testng.TestNG.runSuitesSequentially(TestNG.java:1208)
at org.testng.TestNG.runSuitesLocally(TestNG.java:1137)
at org.testng.TestNG.runSuites(TestNG.java:1049)
at org.testng.TestNG.run(TestNG.java:1017)
at org.testng.remote.AbstractRemoteTestNG.run(AbstractRemoteTestNG.java:114)
at org.testng.remote.RemoteTestNG.initAndRun(RemoteTestNG.java:251)
at org.testng.remote.RemoteTestNG.main(RemoteTestNG.java:77)
]]>
            </full-stacktrace>
          </exception> <!-- java.lang.AssertionError -->
          <reporter-output>
          </reporter-output>
        </test-method> <!-- ThirdTC -->
        <test-method status="PASS" signature="getResult(org.testng.ITestResult)[pri:0, instance:Tests.ThirdTC@ed9d034]" name="getResult" is-config="true" duration-ms="3" started-at="2018-04-27T06:58:39Z" finished-at="2018-04-27T06:58:39Z">
          <params>
            <param index="0">
              <value>
                <![CDATA[[TestResult name=ThirdTC status=FAILURE method=ThirdTC.ThirdTC()[pri:0, instance:Tests.ThirdTC@ed9d034] output={null}]]]>
              </value>
            </param>
          </params>
          <reporter-output>
          </reporter-output>
        </test-method> <!-- getResult -->
      </class> <!-- Tests.ThirdTC -->
      <class name="Tests.FirstTC">
        <test-method status="PASS" signature="FirstTC()[pri:0, instance:Tests.FirstTC@76a3e297]" name="FirstTC" duration-ms="2" started-at="2018-04-27T06:58:19Z" finished-at="2018-04-27T06:58:19Z">
          <reporter-output>
          </reporter-output>
        </test-method> <!-- FirstTC -->
        <test-method status="PASS" signature="getResult(org.testng.ITestResult)[pri:0, instance:Tests.FirstTC@76a3e297]" name="getResult" is-config="true" duration-ms="0" started-at="2018-04-27T06:58:19Z" finished-at="2018-04-27T06:58:19Z">
          <params>
            <param index="0">
              <value>
                <![CDATA[[TestResult name=FirstTC status=SUCCESS method=FirstTC.FirstTC()[pri:0, instance:Tests.FirstTC@76a3e297] output={null}]]]>
              </value>
            </param>
          </params>
          <reporter-output>
          </reporter-output>
        </test-method> <!-- getResult -->
      </class> <!-- Tests.FirstTC -->
      <class name="Tests.BaseTest">
        <test-method status="PASS" signature="setUp()[pri:0, instance:Tests.BaseTest@63440df3]" name="setUp" is-config="true" duration-ms="214" started-at="2018-04-27T06:58:18Z" finished-at="2018-04-27T06:58:19Z">
          <reporter-output>
          </reporter-output>
        </test-method> <!-- setUp -->
        <test-method status="PASS" signature="tearDown()[pri:0, instance:Tests.BaseTest@63440df3]" name="tearDown" is-config="true" duration-ms="450" started-at="2018-04-27T06:58:39Z" finished-at="2018-04-27T06:58:39Z">
          <reporter-output>
          </reporter-output>
        </test-method> <!-- tearDown -->
      </class> <!-- Tests.BaseTest -->
    </test> <!-- extent-report -->
  </suite> <!-- Suite -->
</testng-results>
